This is XeTeX, Version 3.141592653-2.6-0.999994 (TeX Live 2022) (preloaded format=xelatex 2022.6.27)  27 JUN 2022 11:12
entering extended mode
 restricted \write18 enabled.
 %&-line parsing enabled.
**info.tex
(./info.tex
LaTeX2e <2021-11-15> patch level 1
L3 programming layer <2022-02-24>)
*q

! LaTeX Error: Missing \begin{document}.

See the LaTeX manual or LaTeX Companion for explanation.
Type  H <return>  for immediate help.
 ...                                              
                                                  
<*> q
     
? quit
OK, entering \batchmode...
Missing character: There is no q ("71) in font nullfont!
! Emergency stop.
<*> q
     
*** (job aborted, no legal \end found)

 
Here is how much of TeX's memory you used:
 18 strings out of 476179
 309 string characters out of 5809544
 298513 words of memory out of 5000000
 20872 multiletter control sequences out of 15000+600000
 469259 words of font info for 28 fonts, out of 8000000 for 9000
 1348 hyphenation exceptions out of 8191
 12i,0n,12p,82b,14s stack positions out of 10000i,1000n,20000p,200000b,200000s
No pages of output.
